[2025-04-02T08:00:03.255+0000] {taskinstance.py:1956} INFO - Dependencies all met for dep_context=non-requeueable deps ti=<TaskInstance: dag_b.wait_for_dag_a scheduled__2025-04-01T08:00:00+00:00 [queued]>
[2025-04-02T08:00:03.259+0000] {taskinstance.py:1956} INFO - Dependencies all met for dep_context=requeueable deps ti=<TaskInstance: dag_b.wait_for_dag_a scheduled__2025-04-01T08:00:00+00:00 [queued]>
[2025-04-02T08:00:03.259+0000] {taskinstance.py:2170} INFO - Starting attempt 1 of 2
[2025-04-02T08:00:03.264+0000] {taskinstance.py:2191} INFO - Executing <Task(ExternalTaskSensor): wait_for_dag_a> on 2025-04-01 08:00:00+00:00
[2025-04-02T08:00:03.271+0000] {standard_task_runner.py:60} INFO - Started process 936 to run task
[2025-04-02T08:00:03.274+0000] {standard_task_runner.py:87} INFO - Running: ['***', 'tasks', 'run', 'dag_b', 'wait_for_dag_a', 'scheduled__2025-04-01T08:00:00+00:00', '--job-id', '45', '--raw', '--subdir', 'DAGS_FOLDER/dynamic_dag.py', '--cfg-path', '/tmp/tmpy3z934nn']
[2025-04-02T08:00:03.274+0000] {standard_task_runner.py:88} INFO - Job 45: Subtask wait_for_dag_a
[2025-04-02T08:00:03.300+0000] {task_command.py:423} INFO - Running <TaskInstance: dag_b.wait_for_dag_a scheduled__2025-04-01T08:00:00+00:00 [running]> on host f4b0101fc635
[2025-04-02T08:00:03.335+0000] {taskinstance.py:2480} INFO - Exporting env vars: AIRFLOW_CTX_DAG_OWNER='***' AIRFLOW_CTX_DAG_ID='dag_b' AIRFLOW_CTX_TASK_ID='wait_for_dag_a' AIRFLOW_CTX_EXECUTION_DATE='2025-04-01T08:00:00+00:00' AIRFLOW_CTX_TRY_NUMBER='1' AIRFLOW_CTX_DAG_RUN_ID='scheduled__2025-04-01T08:00:00+00:00'
[2025-04-02T08:00:03.336+0000] {external_task.py:244} INFO - Poking for tasks ['load_data'] in dag dag_a on 2025-04-01T08:00:00+00:00 ... 
[2025-04-02T08:00:33.376+0000] {external_task.py:244} INFO - Poking for tasks ['load_data'] in dag dag_a on 2025-04-01T08:00:00+00:00 ... 
[2025-04-02T08:01:03.435+0000] {external_task.py:244} INFO - Poking for tasks ['load_data'] in dag dag_a on 2025-04-01T08:00:00+00:00 ... 
[2025-04-02T08:01:33.481+0000] {external_task.py:244} INFO - Poking for tasks ['load_data'] in dag dag_a on 2025-04-01T08:00:00+00:00 ... 
[2025-04-02T08:02:03.532+0000] {external_task.py:244} INFO - Poking for tasks ['load_data'] in dag dag_a on 2025-04-01T08:00:00+00:00 ... 
[2025-04-02T08:02:33.587+0000] {external_task.py:244} INFO - Poking for tasks ['load_data'] in dag dag_a on 2025-04-01T08:00:00+00:00 ... 
[2025-04-02T08:03:03.683+0000] {external_task.py:244} INFO - Poking for tasks ['load_data'] in dag dag_a on 2025-04-01T08:00:00+00:00 ... 
[2025-04-02T08:03:33.787+0000] {external_task.py:244} INFO - Poking for tasks ['load_data'] in dag dag_a on 2025-04-01T08:00:00+00:00 ... 
[2025-04-02T08:04:03.843+0000] {external_task.py:244} INFO - Poking for tasks ['load_data'] in dag dag_a on 2025-04-01T08:00:00+00:00 ... 
[2025-04-02T08:04:33.908+0000] {external_task.py:244} INFO - Poking for tasks ['load_data'] in dag dag_a on 2025-04-01T08:00:00+00:00 ... 
[2025-04-02T08:05:03.977+0000] {external_task.py:244} INFO - Poking for tasks ['load_data'] in dag dag_a on 2025-04-01T08:00:00+00:00 ... 
[2025-04-02T08:05:34.021+0000] {external_task.py:244} INFO - Poking for tasks ['load_data'] in dag dag_a on 2025-04-01T08:00:00+00:00 ... 
[2025-04-02T08:05:34.037+0000] {base.py:295} INFO - Success criteria met. Exiting.
[2025-04-02T08:05:34.048+0000] {taskinstance.py:1138} INFO - Marking task as SUCCESS. dag_id=dag_b, task_id=wait_for_dag_a, execution_date=20250401T080000, start_date=20250402T080003, end_date=20250402T080534
[2025-04-02T08:05:34.074+0000] {local_task_job_runner.py:234} INFO - Task exited with return code 0
[2025-04-02T08:05:34.099+0000] {taskinstance.py:3280} INFO - 1 downstream tasks scheduled from follow-on schedule check
[2025-04-02T10:25:59.852+0000] {taskinstance.py:1956} INFO - Dependencies all met for dep_context=non-requeueable deps ti=<TaskInstance: dag_b.wait_for_dag_a scheduled__2025-04-01T08:00:00+00:00 [queued]>
[2025-04-02T10:25:59.856+0000] {taskinstance.py:1956} INFO - Dependencies all met for dep_context=requeueable deps ti=<TaskInstance: dag_b.wait_for_dag_a scheduled__2025-04-01T08:00:00+00:00 [queued]>
[2025-04-02T10:25:59.856+0000] {taskinstance.py:2170} INFO - Starting attempt 1 of 2
[2025-04-02T10:25:59.861+0000] {taskinstance.py:2191} INFO - Executing <Task(ExternalTaskSensor): wait_for_dag_a> on 2025-04-01 08:00:00+00:00
[2025-04-02T10:25:59.867+0000] {standard_task_runner.py:60} INFO - Started process 143 to run task
[2025-04-02T10:25:59.871+0000] {standard_task_runner.py:87} INFO - Running: ['***', 'tasks', 'run', 'dag_b', 'wait_for_dag_a', 'scheduled__2025-04-01T08:00:00+00:00', '--job-id', '76', '--raw', '--subdir', 'DAGS_FOLDER/dynamic_dag.py', '--cfg-path', '/tmp/tmp60wzplsa']
[2025-04-02T10:25:59.872+0000] {standard_task_runner.py:88} INFO - Job 76: Subtask wait_for_dag_a
[2025-04-02T10:25:59.897+0000] {task_command.py:423} INFO - Running <TaskInstance: dag_b.wait_for_dag_a scheduled__2025-04-01T08:00:00+00:00 [running]> on host 247d35c01501
[2025-04-02T10:25:59.929+0000] {taskinstance.py:2480} INFO - Exporting env vars: AIRFLOW_CTX_DAG_OWNER='***' AIRFLOW_CTX_DAG_ID='dag_b' AIRFLOW_CTX_TASK_ID='wait_for_dag_a' AIRFLOW_CTX_EXECUTION_DATE='2025-04-01T08:00:00+00:00' AIRFLOW_CTX_TRY_NUMBER='1' AIRFLOW_CTX_DAG_RUN_ID='scheduled__2025-04-01T08:00:00+00:00'
[2025-04-02T10:25:59.930+0000] {external_task.py:244} INFO - Poking for tasks ['load_data'] in dag dag_a on 2025-04-01T08:00:00+00:00 ... 
[2025-04-02T10:25:59.935+0000] {base.py:295} INFO - Success criteria met. Exiting.
[2025-04-02T10:25:59.938+0000] {taskinstance.py:1138} INFO - Marking task as SUCCESS. dag_id=dag_b, task_id=wait_for_dag_a, execution_date=20250401T080000, start_date=20250402T102559, end_date=20250402T102559
[2025-04-02T10:25:59.969+0000] {local_task_job_runner.py:234} INFO - Task exited with return code 0
[2025-04-02T10:25:59.983+0000] {taskinstance.py:3280} INFO - 1 downstream tasks scheduled from follow-on schedule check
