[2025-04-02T08:03:03.118+0000] {taskinstance.py:1956} INFO - Dependencies all met for dep_context=non-requeueable deps ti=<TaskInstance: dag_b.wait_for_dag_a manual__2025-04-02T08:02:59.208896+00:00 [queued]>
[2025-04-02T08:03:03.127+0000] {taskinstance.py:1956} INFO - Dependencies all met for dep_context=requeueable deps ti=<TaskInstance: dag_b.wait_for_dag_a manual__2025-04-02T08:02:59.208896+00:00 [queued]>
[2025-04-02T08:03:03.128+0000] {taskinstance.py:2170} INFO - Starting attempt 1 of 2
[2025-04-02T08:03:03.143+0000] {taskinstance.py:2191} INFO - Executing <Task(ExternalTaskSensor): wait_for_dag_a> on 2025-04-02 08:02:59.208896+00:00
[2025-04-02T08:03:03.156+0000] {standard_task_runner.py:60} INFO - Started process 1007 to run task
[2025-04-02T08:03:03.167+0000] {standard_task_runner.py:87} INFO - Running: ['***', 'tasks', 'run', 'dag_b', 'wait_for_dag_a', 'manual__2025-04-02T08:02:59.208896+00:00', '--job-id', '52', '--raw', '--subdir', 'DAGS_FOLDER/dynamic_dag.py', '--cfg-path', '/tmp/tmpqh5oldy7']
[2025-04-02T08:03:03.170+0000] {standard_task_runner.py:88} INFO - Job 52: Subtask wait_for_dag_a
[2025-04-02T08:03:03.316+0000] {task_command.py:423} INFO - Running <TaskInstance: dag_b.wait_for_dag_a manual__2025-04-02T08:02:59.208896+00:00 [running]> on host f4b0101fc635
[2025-04-02T08:03:03.465+0000] {taskinstance.py:2480} INFO - Exporting env vars: AIRFLOW_CTX_DAG_OWNER='***' AIRFLOW_CTX_DAG_ID='dag_b' AIRFLOW_CTX_TASK_ID='wait_for_dag_a' AIRFLOW_CTX_EXECUTION_DATE='2025-04-02T08:02:59.208896+00:00' AIRFLOW_CTX_TRY_NUMBER='1' AIRFLOW_CTX_DAG_RUN_ID='manual__2025-04-02T08:02:59.208896+00:00'
[2025-04-02T08:03:03.467+0000] {external_task.py:244} INFO - Poking for tasks ['load_data'] in dag dag_a on 2025-04-02T08:02:59.208896+00:00 ... 
[2025-04-02T08:03:33.530+0000] {external_task.py:244} INFO - Poking for tasks ['load_data'] in dag dag_a on 2025-04-02T08:02:59.208896+00:00 ... 
[2025-04-02T08:04:03.580+0000] {external_task.py:244} INFO - Poking for tasks ['load_data'] in dag dag_a on 2025-04-02T08:02:59.208896+00:00 ... 
[2025-04-02T08:04:33.613+0000] {external_task.py:244} INFO - Poking for tasks ['load_data'] in dag dag_a on 2025-04-02T08:02:59.208896+00:00 ... 
[2025-04-02T08:05:03.663+0000] {external_task.py:244} INFO - Poking for tasks ['load_data'] in dag dag_a on 2025-04-02T08:02:59.208896+00:00 ... 
[2025-04-02T08:05:33.726+0000] {external_task.py:244} INFO - Poking for tasks ['load_data'] in dag dag_a on 2025-04-02T08:02:59.208896+00:00 ... 
[2025-04-02T08:06:03.785+0000] {external_task.py:244} INFO - Poking for tasks ['load_data'] in dag dag_a on 2025-04-02T08:02:59.208896+00:00 ... 
[2025-04-02T08:06:33.836+0000] {external_task.py:244} INFO - Poking for tasks ['load_data'] in dag dag_a on 2025-04-02T08:02:59.208896+00:00 ... 
[2025-04-02T08:07:03.910+0000] {external_task.py:244} INFO - Poking for tasks ['load_data'] in dag dag_a on 2025-04-02T08:02:59.208896+00:00 ... 
[2025-04-02T08:07:33.970+0000] {external_task.py:244} INFO - Poking for tasks ['load_data'] in dag dag_a on 2025-04-02T08:02:59.208896+00:00 ... 
[2025-04-02T08:08:04.043+0000] {external_task.py:244} INFO - Poking for tasks ['load_data'] in dag dag_a on 2025-04-02T08:02:59.208896+00:00 ... 
[2025-04-02T08:08:34.095+0000] {external_task.py:244} INFO - Poking for tasks ['load_data'] in dag dag_a on 2025-04-02T08:02:59.208896+00:00 ... 
[2025-04-02T08:09:04.169+0000] {external_task.py:244} INFO - Poking for tasks ['load_data'] in dag dag_a on 2025-04-02T08:02:59.208896+00:00 ... 
[2025-04-02T08:09:34.247+0000] {external_task.py:244} INFO - Poking for tasks ['load_data'] in dag dag_a on 2025-04-02T08:02:59.208896+00:00 ... 
[2025-04-02T08:10:04.302+0000] {external_task.py:244} INFO - Poking for tasks ['load_data'] in dag dag_a on 2025-04-02T08:02:59.208896+00:00 ... 
[2025-04-02T08:10:34.385+0000] {external_task.py:244} INFO - Poking for tasks ['load_data'] in dag dag_a on 2025-04-02T08:02:59.208896+00:00 ... 
[2025-04-02T08:11:04.450+0000] {external_task.py:244} INFO - Poking for tasks ['load_data'] in dag dag_a on 2025-04-02T08:02:59.208896+00:00 ... 
[2025-04-02T08:11:34.511+0000] {external_task.py:244} INFO - Poking for tasks ['load_data'] in dag dag_a on 2025-04-02T08:02:59.208896+00:00 ... 
[2025-04-02T08:12:04.587+0000] {external_task.py:244} INFO - Poking for tasks ['load_data'] in dag dag_a on 2025-04-02T08:02:59.208896+00:00 ... 
[2025-04-02T08:12:34.653+0000] {external_task.py:244} INFO - Poking for tasks ['load_data'] in dag dag_a on 2025-04-02T08:02:59.208896+00:00 ... 
[2025-04-02T08:13:04.711+0000] {external_task.py:244} INFO - Poking for tasks ['load_data'] in dag dag_a on 2025-04-02T08:02:59.208896+00:00 ... 
[2025-04-02T08:13:34.794+0000] {external_task.py:244} INFO - Poking for tasks ['load_data'] in dag dag_a on 2025-04-02T08:02:59.208896+00:00 ... 
[2025-04-02T08:14:04.884+0000] {external_task.py:244} INFO - Poking for tasks ['load_data'] in dag dag_a on 2025-04-02T08:02:59.208896+00:00 ... 
[2025-04-02T08:14:34.969+0000] {external_task.py:244} INFO - Poking for tasks ['load_data'] in dag dag_a on 2025-04-02T08:02:59.208896+00:00 ... 
[2025-04-02T08:15:05.039+0000] {external_task.py:244} INFO - Poking for tasks ['load_data'] in dag dag_a on 2025-04-02T08:02:59.208896+00:00 ... 
[2025-04-02T08:15:35.144+0000] {external_task.py:244} INFO - Poking for tasks ['load_data'] in dag dag_a on 2025-04-02T08:02:59.208896+00:00 ... 
[2025-04-02T08:16:05.234+0000] {external_task.py:244} INFO - Poking for tasks ['load_data'] in dag dag_a on 2025-04-02T08:02:59.208896+00:00 ... 
[2025-04-02T08:16:35.307+0000] {external_task.py:244} INFO - Poking for tasks ['load_data'] in dag dag_a on 2025-04-02T08:02:59.208896+00:00 ... 
[2025-04-02T08:17:05.350+0000] {external_task.py:244} INFO - Poking for tasks ['load_data'] in dag dag_a on 2025-04-02T08:02:59.208896+00:00 ... 
[2025-04-02T08:17:35.431+0000] {external_task.py:244} INFO - Poking for tasks ['load_data'] in dag dag_a on 2025-04-02T08:02:59.208896+00:00 ... 
[2025-04-02T08:18:05.488+0000] {external_task.py:244} INFO - Poking for tasks ['load_data'] in dag dag_a on 2025-04-02T08:02:59.208896+00:00 ... 
[2025-04-02T08:18:35.575+0000] {external_task.py:244} INFO - Poking for tasks ['load_data'] in dag dag_a on 2025-04-02T08:02:59.208896+00:00 ... 
[2025-04-02T08:19:05.647+0000] {external_task.py:244} INFO - Poking for tasks ['load_data'] in dag dag_a on 2025-04-02T08:02:59.208896+00:00 ... 
[2025-04-02T08:19:35.726+0000] {external_task.py:244} INFO - Poking for tasks ['load_data'] in dag dag_a on 2025-04-02T08:02:59.208896+00:00 ... 
[2025-04-02T08:20:05.799+0000] {external_task.py:244} INFO - Poking for tasks ['load_data'] in dag dag_a on 2025-04-02T08:02:59.208896+00:00 ... 
[2025-04-02T08:20:05.837+0000] {taskinstance.py:2698} ERROR - Task failed with exception
Traceback (most recent call last):
  File "/home/airflow/.local/lib/python3.8/site-packages/airflow/models/taskinstance.py", line 433, in _execute_task
    result = execute_callable(context=context, **execute_callable_kwargs)
  File "/home/airflow/.local/lib/python3.8/site-packages/airflow/sensors/external_task.py", line 334, in execute
    super().execute(context)
  File "/home/airflow/.local/lib/python3.8/site-packages/airflow/sensors/base.py", line 282, in execute
    raise AirflowSensorTimeout(message)
airflow.exceptions.AirflowSensorTimeout: Sensor has timed out; run duration of 1022.3644989669992 seconds exceeds the specified timeout of 1000.0.
[2025-04-02T08:20:05.850+0000] {taskinstance.py:1138} INFO - Immediate failure requested. Marking task as FAILED. dag_id=dag_b, task_id=wait_for_dag_a, execution_date=20250402T080259, start_date=20250402T080303, end_date=20250402T082005
[2025-04-02T08:20:05.879+0000] {standard_task_runner.py:107} ERROR - Failed to execute job 52 for task wait_for_dag_a (Sensor has timed out; run duration of 1022.3644989669992 seconds exceeds the specified timeout of 1000.0.; 1007)
[2025-04-02T08:20:05.930+0000] {local_task_job_runner.py:234} INFO - Task exited with return code 1
[2025-04-02T08:20:05.971+0000] {taskinstance.py:3280} INFO - 0 downstream tasks scheduled from follow-on schedule check
