[2025-04-02T10:05:37.745+0000] {taskinstance.py:1956} INFO - Dependencies all met for dep_context=non-requeueable deps ti=<TaskInstance: dag_b.wait_for_dag_a manual__2025-04-02T08:02:59.208896+00:00 [queued]>
[2025-04-02T10:05:37.749+0000] {taskinstance.py:1956} INFO - Dependencies all met for dep_context=requeueable deps ti=<TaskInstance: dag_b.wait_for_dag_a manual__2025-04-02T08:02:59.208896+00:00 [queued]>
[2025-04-02T10:05:37.750+0000] {taskinstance.py:2170} INFO - Starting attempt 2 of 3
[2025-04-02T10:05:37.755+0000] {taskinstance.py:2191} INFO - Executing <Task(ExternalTaskSensor): wait_for_dag_a> on 2025-04-02 08:02:59.208896+00:00
[2025-04-02T10:05:37.760+0000] {standard_task_runner.py:60} INFO - Started process 2679 to run task
[2025-04-02T10:05:37.763+0000] {standard_task_runner.py:87} INFO - Running: ['***', 'tasks', 'run', 'dag_b', 'wait_for_dag_a', 'manual__2025-04-02T08:02:59.208896+00:00', '--job-id', '60', '--raw', '--subdir', 'DAGS_FOLDER/dynamic_dag.py', '--cfg-path', '/tmp/tmpbl6_9r98']
[2025-04-02T10:05:37.764+0000] {standard_task_runner.py:88} INFO - Job 60: Subtask wait_for_dag_a
[2025-04-02T10:05:37.788+0000] {task_command.py:423} INFO - Running <TaskInstance: dag_b.wait_for_dag_a manual__2025-04-02T08:02:59.208896+00:00 [running]> on host f4b0101fc635
[2025-04-02T10:05:37.821+0000] {taskinstance.py:2480} INFO - Exporting env vars: AIRFLOW_CTX_DAG_OWNER='***' AIRFLOW_CTX_DAG_ID='dag_b' AIRFLOW_CTX_TASK_ID='wait_for_dag_a' AIRFLOW_CTX_EXECUTION_DATE='2025-04-02T08:02:59.208896+00:00' AIRFLOW_CTX_TRY_NUMBER='2' AIRFLOW_CTX_DAG_RUN_ID='manual__2025-04-02T08:02:59.208896+00:00'
[2025-04-02T10:05:37.822+0000] {external_task.py:244} INFO - Poking for tasks ['load_data'] in dag dag_a on 2025-04-02T08:02:59.208896+00:00 ... 
[2025-04-02T10:06:07.860+0000] {external_task.py:244} INFO - Poking for tasks ['load_data'] in dag dag_a on 2025-04-02T08:02:59.208896+00:00 ... 
[2025-04-02T10:06:37.924+0000] {external_task.py:244} INFO - Poking for tasks ['load_data'] in dag dag_a on 2025-04-02T08:02:59.208896+00:00 ... 
[2025-04-02T10:07:07.995+0000] {external_task.py:244} INFO - Poking for tasks ['load_data'] in dag dag_a on 2025-04-02T08:02:59.208896+00:00 ... 
[2025-04-02T10:07:38.049+0000] {external_task.py:244} INFO - Poking for tasks ['load_data'] in dag dag_a on 2025-04-02T08:02:59.208896+00:00 ... 
[2025-04-02T10:08:08.110+0000] {external_task.py:244} INFO - Poking for tasks ['load_data'] in dag dag_a on 2025-04-02T08:02:59.208896+00:00 ... 
[2025-04-02T10:08:38.158+0000] {external_task.py:244} INFO - Poking for tasks ['load_data'] in dag dag_a on 2025-04-02T08:02:59.208896+00:00 ... 
[2025-04-02T10:09:08.231+0000] {external_task.py:244} INFO - Poking for tasks ['load_data'] in dag dag_a on 2025-04-02T08:02:59.208896+00:00 ... 
[2025-04-02T10:09:38.285+0000] {external_task.py:244} INFO - Poking for tasks ['load_data'] in dag dag_a on 2025-04-02T08:02:59.208896+00:00 ... 
[2025-04-02T10:10:08.324+0000] {external_task.py:244} INFO - Poking for tasks ['load_data'] in dag dag_a on 2025-04-02T08:02:59.208896+00:00 ... 
[2025-04-02T10:10:38.363+0000] {external_task.py:244} INFO - Poking for tasks ['load_data'] in dag dag_a on 2025-04-02T08:02:59.208896+00:00 ... 
[2025-04-02T10:11:08.427+0000] {external_task.py:244} INFO - Poking for tasks ['load_data'] in dag dag_a on 2025-04-02T08:02:59.208896+00:00 ... 
[2025-04-02T10:11:38.500+0000] {external_task.py:244} INFO - Poking for tasks ['load_data'] in dag dag_a on 2025-04-02T08:02:59.208896+00:00 ... 
[2025-04-02T10:12:08.541+0000] {external_task.py:244} INFO - Poking for tasks ['load_data'] in dag dag_a on 2025-04-02T08:02:59.208896+00:00 ... 
[2025-04-02T10:12:38.611+0000] {external_task.py:244} INFO - Poking for tasks ['load_data'] in dag dag_a on 2025-04-02T08:02:59.208896+00:00 ... 
[2025-04-02T10:13:08.672+0000] {external_task.py:244} INFO - Poking for tasks ['load_data'] in dag dag_a on 2025-04-02T08:02:59.208896+00:00 ... 
[2025-04-02T10:13:38.731+0000] {external_task.py:244} INFO - Poking for tasks ['load_data'] in dag dag_a on 2025-04-02T08:02:59.208896+00:00 ... 
[2025-04-02T10:14:08.820+0000] {external_task.py:244} INFO - Poking for tasks ['load_data'] in dag dag_a on 2025-04-02T08:02:59.208896+00:00 ... 
[2025-04-02T10:14:38.897+0000] {external_task.py:244} INFO - Poking for tasks ['load_data'] in dag dag_a on 2025-04-02T08:02:59.208896+00:00 ... 
[2025-04-02T10:15:08.944+0000] {external_task.py:244} INFO - Poking for tasks ['load_data'] in dag dag_a on 2025-04-02T08:02:59.208896+00:00 ... 
[2025-04-02T10:15:39.035+0000] {external_task.py:244} INFO - Poking for tasks ['load_data'] in dag dag_a on 2025-04-02T08:02:59.208896+00:00 ... 
[2025-04-02T10:15:39.083+0000] {taskinstance.py:2698} ERROR - Task failed with exception
Traceback (most recent call last):
  File "/home/airflow/.local/lib/python3.8/site-packages/airflow/models/taskinstance.py", line 433, in _execute_task
    result = execute_callable(context=context, **execute_callable_kwargs)
  File "/home/airflow/.local/lib/python3.8/site-packages/airflow/sensors/external_task.py", line 334, in execute
    super().execute(context)
  File "/home/airflow/.local/lib/python3.8/site-packages/airflow/sensors/base.py", line 282, in execute
    raise AirflowSensorTimeout(message)
airflow.exceptions.AirflowSensorTimeout: Sensor has timed out; run duration of 601.2947168159953 seconds exceeds the specified timeout of 600.0.
[2025-04-02T10:15:39.095+0000] {taskinstance.py:1138} INFO - Immediate failure requested. Marking task as FAILED. dag_id=dag_b, task_id=wait_for_dag_a, execution_date=20250402T080259, start_date=20250402T100537, end_date=20250402T101539
[2025-04-02T10:15:39.121+0000] {standard_task_runner.py:107} ERROR - Failed to execute job 60 for task wait_for_dag_a (Sensor has timed out; run duration of 601.2947168159953 seconds exceeds the specified timeout of 600.0.; 2679)
[2025-04-02T10:15:39.165+0000] {local_task_job_runner.py:234} INFO - Task exited with return code 1
[2025-04-02T10:15:39.196+0000] {taskinstance.py:3280} INFO - 0 downstream tasks scheduled from follow-on schedule check
