[2025-04-02T08:00:01.348+0000] {taskinstance.py:1956} INFO - Dependencies all met for dep_context=non-requeueable deps ti=<TaskInstance: dag_c.unzip_dataset scheduled__2025-04-01T08:00:00+00:00 [queued]>
[2025-04-02T08:00:01.353+0000] {taskinstance.py:1956} INFO - Dependencies all met for dep_context=requeueable deps ti=<TaskInstance: dag_c.unzip_dataset scheduled__2025-04-01T08:00:00+00:00 [queued]>
[2025-04-02T08:00:01.354+0000] {taskinstance.py:2170} INFO - Starting attempt 1 of 2
[2025-04-02T08:00:01.360+0000] {taskinstance.py:2191} INFO - Executing <Task(PythonOperator): unzip_dataset> on 2025-04-01 08:00:00+00:00
[2025-04-02T08:00:01.366+0000] {standard_task_runner.py:60} INFO - Started process 926 to run task
[2025-04-02T08:00:01.383+0000] {standard_task_runner.py:87} INFO - Running: ['***', 'tasks', 'run', 'dag_c', 'unzip_dataset', 'scheduled__2025-04-01T08:00:00+00:00', '--job-id', '42', '--raw', '--subdir', 'DAGS_FOLDER/dynamic_dag.py', '--cfg-path', '/tmp/tmps6jglu30']
[2025-04-02T08:00:01.384+0000] {standard_task_runner.py:88} INFO - Job 42: Subtask unzip_dataset
[2025-04-02T08:00:01.479+0000] {task_command.py:423} INFO - Running <TaskInstance: dag_c.unzip_dataset scheduled__2025-04-01T08:00:00+00:00 [running]> on host f4b0101fc635
[2025-04-02T08:00:01.535+0000] {taskinstance.py:2480} INFO - Exporting env vars: AIRFLOW_CTX_DAG_OWNER='***' AIRFLOW_CTX_DAG_ID='dag_c' AIRFLOW_CTX_TASK_ID='unzip_dataset' AIRFLOW_CTX_EXECUTION_DATE='2025-04-01T08:00:00+00:00' AIRFLOW_CTX_TRY_NUMBER='1' AIRFLOW_CTX_DAG_RUN_ID='scheduled__2025-04-01T08:00:00+00:00'
[2025-04-02T08:00:01.544+0000] {python.py:201} INFO - Done. Returned value was: None
[2025-04-02T08:00:01.553+0000] {taskinstance.py:1138} INFO - Marking task as SUCCESS. dag_id=dag_c, task_id=unzip_dataset, execution_date=20250401T080000, start_date=20250402T080001, end_date=20250402T080001
[2025-04-02T08:00:01.592+0000] {local_task_job_runner.py:234} INFO - Task exited with return code 0
[2025-04-02T08:00:01.606+0000] {taskinstance.py:3280} INFO - 1 downstream tasks scheduled from follow-on schedule check
[2025-04-02T10:25:59.262+0000] {taskinstance.py:1956} INFO - Dependencies all met for dep_context=non-requeueable deps ti=<TaskInstance: dag_c.unzip_dataset scheduled__2025-04-01T08:00:00+00:00 [queued]>
[2025-04-02T10:25:59.268+0000] {taskinstance.py:1956} INFO - Dependencies all met for dep_context=requeueable deps ti=<TaskInstance: dag_c.unzip_dataset scheduled__2025-04-01T08:00:00+00:00 [queued]>
[2025-04-02T10:25:59.268+0000] {taskinstance.py:2170} INFO - Starting attempt 1 of 2
[2025-04-02T10:25:59.277+0000] {taskinstance.py:2191} INFO - Executing <Task(PythonOperator): unzip_dataset> on 2025-04-01 08:00:00+00:00
[2025-04-02T10:25:59.284+0000] {standard_task_runner.py:60} INFO - Started process 140 to run task
[2025-04-02T10:25:59.288+0000] {standard_task_runner.py:87} INFO - Running: ['***', 'tasks', 'run', 'dag_c', 'unzip_dataset', 'scheduled__2025-04-01T08:00:00+00:00', '--job-id', '75', '--raw', '--subdir', 'DAGS_FOLDER/dynamic_dag.py', '--cfg-path', '/tmp/tmp985pieer']
[2025-04-02T10:25:59.290+0000] {standard_task_runner.py:88} INFO - Job 75: Subtask unzip_dataset
[2025-04-02T10:25:59.325+0000] {task_command.py:423} INFO - Running <TaskInstance: dag_c.unzip_dataset scheduled__2025-04-01T08:00:00+00:00 [running]> on host 247d35c01501
[2025-04-02T10:25:59.370+0000] {taskinstance.py:2480} INFO - Exporting env vars: AIRFLOW_CTX_DAG_OWNER='***' AIRFLOW_CTX_DAG_ID='dag_c' AIRFLOW_CTX_TASK_ID='unzip_dataset' AIRFLOW_CTX_EXECUTION_DATE='2025-04-01T08:00:00+00:00' AIRFLOW_CTX_TRY_NUMBER='1' AIRFLOW_CTX_DAG_RUN_ID='scheduled__2025-04-01T08:00:00+00:00'
[2025-04-02T10:25:59.376+0000] {python.py:201} INFO - Done. Returned value was: None
[2025-04-02T10:25:59.381+0000] {taskinstance.py:1138} INFO - Marking task as SUCCESS. dag_id=dag_c, task_id=unzip_dataset, execution_date=20250401T080000, start_date=20250402T102559, end_date=20250402T102559
[2025-04-02T10:25:59.421+0000] {local_task_job_runner.py:234} INFO - Task exited with return code 0
[2025-04-02T10:25:59.436+0000] {taskinstance.py:3280} INFO - 1 downstream tasks scheduled from follow-on schedule check
