[2025-04-02T08:00:01.350+0000] {taskinstance.py:1956} INFO - Dependencies all met for dep_context=non-requeueable deps ti=<TaskInstance: dag_a.unzip_dataset scheduled__2025-04-01T08:00:00+00:00 [queued]>
[2025-04-02T08:00:01.354+0000] {taskinstance.py:1956} INFO - Dependencies all met for dep_context=requeueable deps ti=<TaskInstance: dag_a.unzip_dataset scheduled__2025-04-01T08:00:00+00:00 [queued]>
[2025-04-02T08:00:01.354+0000] {taskinstance.py:2170} INFO - Starting attempt 1 of 2
[2025-04-02T08:00:01.361+0000] {taskinstance.py:2191} INFO - Executing <Task(PythonOperator): unzip_dataset> on 2025-04-01 08:00:00+00:00
[2025-04-02T08:00:01.370+0000] {standard_task_runner.py:60} INFO - Started process 928 to run task
[2025-04-02T08:00:01.387+0000] {standard_task_runner.py:87} INFO - Running: ['***', 'tasks', 'run', 'dag_a', 'unzip_dataset', 'scheduled__2025-04-01T08:00:00+00:00', '--job-id', '41', '--raw', '--subdir', 'DAGS_FOLDER/dynamic_dag.py', '--cfg-path', '/tmp/tmp7rfzomin']
[2025-04-02T08:00:01.389+0000] {standard_task_runner.py:88} INFO - Job 41: Subtask unzip_dataset
[2025-04-02T08:00:01.486+0000] {task_command.py:423} INFO - Running <TaskInstance: dag_a.unzip_dataset scheduled__2025-04-01T08:00:00+00:00 [running]> on host f4b0101fc635
[2025-04-02T08:00:01.538+0000] {taskinstance.py:2480} INFO - Exporting env vars: AIRFLOW_CTX_DAG_OWNER='***' AIRFLOW_CTX_DAG_ID='dag_a' AIRFLOW_CTX_TASK_ID='unzip_dataset' AIRFLOW_CTX_EXECUTION_DATE='2025-04-01T08:00:00+00:00' AIRFLOW_CTX_TRY_NUMBER='1' AIRFLOW_CTX_DAG_RUN_ID='scheduled__2025-04-01T08:00:00+00:00'
[2025-04-02T08:00:01.547+0000] {python.py:201} INFO - Done. Returned value was: None
[2025-04-02T08:00:01.554+0000] {taskinstance.py:1138} INFO - Marking task as SUCCESS. dag_id=dag_a, task_id=unzip_dataset, execution_date=20250401T080000, start_date=20250402T080001, end_date=20250402T080001
[2025-04-02T08:00:01.596+0000] {local_task_job_runner.py:234} INFO - Task exited with return code 0
[2025-04-02T08:00:01.607+0000] {taskinstance.py:3280} INFO - 1 downstream tasks scheduled from follow-on schedule check
[2025-04-02T10:25:58.185+0000] {taskinstance.py:1956} INFO - Dependencies all met for dep_context=non-requeueable deps ti=<TaskInstance: dag_a.unzip_dataset scheduled__2025-04-01T08:00:00+00:00 [queued]>
[2025-04-02T10:25:58.189+0000] {taskinstance.py:1956} INFO - Dependencies all met for dep_context=requeueable deps ti=<TaskInstance: dag_a.unzip_dataset scheduled__2025-04-01T08:00:00+00:00 [queued]>
[2025-04-02T10:25:58.189+0000] {taskinstance.py:2170} INFO - Starting attempt 1 of 2
[2025-04-02T10:25:58.194+0000] {taskinstance.py:2191} INFO - Executing <Task(PythonOperator): unzip_dataset> on 2025-04-01 08:00:00+00:00
[2025-04-02T10:25:58.204+0000] {standard_task_runner.py:60} INFO - Started process 133 to run task
[2025-04-02T10:25:58.209+0000] {standard_task_runner.py:87} INFO - Running: ['***', 'tasks', 'run', 'dag_a', 'unzip_dataset', 'scheduled__2025-04-01T08:00:00+00:00', '--job-id', '72', '--raw', '--subdir', 'DAGS_FOLDER/dynamic_dag.py', '--cfg-path', '/tmp/tmpi58mf0de']
[2025-04-02T10:25:58.211+0000] {standard_task_runner.py:88} INFO - Job 72: Subtask unzip_dataset
[2025-04-02T10:25:58.258+0000] {task_command.py:423} INFO - Running <TaskInstance: dag_a.unzip_dataset scheduled__2025-04-01T08:00:00+00:00 [running]> on host 247d35c01501
[2025-04-02T10:25:58.306+0000] {taskinstance.py:2480} INFO - Exporting env vars: AIRFLOW_CTX_DAG_OWNER='***' AIRFLOW_CTX_DAG_ID='dag_a' AIRFLOW_CTX_TASK_ID='unzip_dataset' AIRFLOW_CTX_EXECUTION_DATE='2025-04-01T08:00:00+00:00' AIRFLOW_CTX_TRY_NUMBER='1' AIRFLOW_CTX_DAG_RUN_ID='scheduled__2025-04-01T08:00:00+00:00'
[2025-04-02T10:25:58.316+0000] {python.py:201} INFO - Done. Returned value was: None
[2025-04-02T10:25:58.325+0000] {taskinstance.py:1138} INFO - Marking task as SUCCESS. dag_id=dag_a, task_id=unzip_dataset, execution_date=20250401T080000, start_date=20250402T102558, end_date=20250402T102558
[2025-04-02T10:25:58.344+0000] {local_task_job_runner.py:234} INFO - Task exited with return code 0
[2025-04-02T10:25:58.366+0000] {taskinstance.py:3280} INFO - 0 downstream tasks scheduled from follow-on schedule check
