[2025-04-02T08:00:03.255+0000] {taskinstance.py:1956} INFO - Dependencies all met for dep_context=non-requeueable deps ti=<TaskInstance: dag_c.wait_for_dag_b scheduled__2025-04-01T08:00:00+00:00 [queued]>
[2025-04-02T08:00:03.259+0000] {taskinstance.py:1956} INFO - Dependencies all met for dep_context=requeueable deps ti=<TaskInstance: dag_c.wait_for_dag_b scheduled__2025-04-01T08:00:00+00:00 [queued]>
[2025-04-02T08:00:03.259+0000] {taskinstance.py:2170} INFO - Starting attempt 1 of 2
[2025-04-02T08:00:03.264+0000] {taskinstance.py:2191} INFO - Executing <Task(ExternalTaskSensor): wait_for_dag_b> on 2025-04-01 08:00:00+00:00
[2025-04-02T08:00:03.271+0000] {standard_task_runner.py:60} INFO - Started process 935 to run task
[2025-04-02T08:00:03.273+0000] {standard_task_runner.py:87} INFO - Running: ['***', 'tasks', 'run', 'dag_c', 'wait_for_dag_b', 'scheduled__2025-04-01T08:00:00+00:00', '--job-id', '43', '--raw', '--subdir', 'DAGS_FOLDER/dynamic_dag.py', '--cfg-path', '/tmp/tmpws0_j1ip']
[2025-04-02T08:00:03.274+0000] {standard_task_runner.py:88} INFO - Job 43: Subtask wait_for_dag_b
[2025-04-02T08:00:03.299+0000] {task_command.py:423} INFO - Running <TaskInstance: dag_c.wait_for_dag_b scheduled__2025-04-01T08:00:00+00:00 [running]> on host f4b0101fc635
[2025-04-02T08:00:03.335+0000] {taskinstance.py:2480} INFO - Exporting env vars: AIRFLOW_CTX_DAG_OWNER='***' AIRFLOW_CTX_DAG_ID='dag_c' AIRFLOW_CTX_TASK_ID='wait_for_dag_b' AIRFLOW_CTX_EXECUTION_DATE='2025-04-01T08:00:00+00:00' AIRFLOW_CTX_TRY_NUMBER='1' AIRFLOW_CTX_DAG_RUN_ID='scheduled__2025-04-01T08:00:00+00:00'
[2025-04-02T08:00:03.336+0000] {external_task.py:244} INFO - Poking for tasks ['load_data'] in dag dag_b on 2025-04-01T08:00:00+00:00 ... 
[2025-04-02T08:00:33.378+0000] {external_task.py:244} INFO - Poking for tasks ['load_data'] in dag dag_b on 2025-04-01T08:00:00+00:00 ... 
[2025-04-02T08:01:03.417+0000] {external_task.py:244} INFO - Poking for tasks ['load_data'] in dag dag_b on 2025-04-01T08:00:00+00:00 ... 
[2025-04-02T08:01:33.444+0000] {external_task.py:244} INFO - Poking for tasks ['load_data'] in dag dag_b on 2025-04-01T08:00:00+00:00 ... 
[2025-04-02T08:02:03.494+0000] {external_task.py:244} INFO - Poking for tasks ['load_data'] in dag dag_b on 2025-04-01T08:00:00+00:00 ... 
[2025-04-02T08:02:33.536+0000] {external_task.py:244} INFO - Poking for tasks ['load_data'] in dag dag_b on 2025-04-01T08:00:00+00:00 ... 
[2025-04-02T08:03:03.600+0000] {external_task.py:244} INFO - Poking for tasks ['load_data'] in dag dag_b on 2025-04-01T08:00:00+00:00 ... 
[2025-04-02T08:03:33.652+0000] {external_task.py:244} INFO - Poking for tasks ['load_data'] in dag dag_b on 2025-04-01T08:00:00+00:00 ... 
[2025-04-02T08:04:03.686+0000] {external_task.py:244} INFO - Poking for tasks ['load_data'] in dag dag_b on 2025-04-01T08:00:00+00:00 ... 
[2025-04-02T08:04:33.738+0000] {external_task.py:244} INFO - Poking for tasks ['load_data'] in dag dag_b on 2025-04-01T08:00:00+00:00 ... 
[2025-04-02T08:05:03.785+0000] {external_task.py:244} INFO - Poking for tasks ['load_data'] in dag dag_b on 2025-04-01T08:00:00+00:00 ... 
[2025-04-02T08:05:33.837+0000] {external_task.py:244} INFO - Poking for tasks ['load_data'] in dag dag_b on 2025-04-01T08:00:00+00:00 ... 
[2025-04-02T08:06:03.903+0000] {external_task.py:244} INFO - Poking for tasks ['load_data'] in dag dag_b on 2025-04-01T08:00:00+00:00 ... 
[2025-04-02T08:06:03.932+0000] {base.py:295} INFO - Success criteria met. Exiting.
[2025-04-02T08:06:03.947+0000] {taskinstance.py:1138} INFO - Marking task as SUCCESS. dag_id=dag_c, task_id=wait_for_dag_b, execution_date=20250401T080000, start_date=20250402T080003, end_date=20250402T080603
[2025-04-02T08:06:04.005+0000] {local_task_job_runner.py:234} INFO - Task exited with return code 0
[2025-04-02T08:06:04.033+0000] {taskinstance.py:3280} INFO - 1 downstream tasks scheduled from follow-on schedule check
[2025-04-02T10:26:00.935+0000] {taskinstance.py:1956} INFO - Dependencies all met for dep_context=non-requeueable deps ti=<TaskInstance: dag_c.wait_for_dag_b scheduled__2025-04-01T08:00:00+00:00 [queued]>
[2025-04-02T10:26:00.939+0000] {taskinstance.py:1956} INFO - Dependencies all met for dep_context=requeueable deps ti=<TaskInstance: dag_c.wait_for_dag_b scheduled__2025-04-01T08:00:00+00:00 [queued]>
[2025-04-02T10:26:00.939+0000] {taskinstance.py:2170} INFO - Starting attempt 1 of 2
[2025-04-02T10:26:00.944+0000] {taskinstance.py:2191} INFO - Executing <Task(ExternalTaskSensor): wait_for_dag_b> on 2025-04-01 08:00:00+00:00
[2025-04-02T10:26:00.949+0000] {standard_task_runner.py:60} INFO - Started process 148 to run task
[2025-04-02T10:26:00.952+0000] {standard_task_runner.py:87} INFO - Running: ['***', 'tasks', 'run', 'dag_c', 'wait_for_dag_b', 'scheduled__2025-04-01T08:00:00+00:00', '--job-id', '78', '--raw', '--subdir', 'DAGS_FOLDER/dynamic_dag.py', '--cfg-path', '/tmp/tmpwf0rpalg']
[2025-04-02T10:26:00.953+0000] {standard_task_runner.py:88} INFO - Job 78: Subtask wait_for_dag_b
[2025-04-02T10:26:00.978+0000] {task_command.py:423} INFO - Running <TaskInstance: dag_c.wait_for_dag_b scheduled__2025-04-01T08:00:00+00:00 [running]> on host 247d35c01501
[2025-04-02T10:26:01.024+0000] {taskinstance.py:2480} INFO - Exporting env vars: AIRFLOW_CTX_DAG_OWNER='***' AIRFLOW_CTX_DAG_ID='dag_c' AIRFLOW_CTX_TASK_ID='wait_for_dag_b' AIRFLOW_CTX_EXECUTION_DATE='2025-04-01T08:00:00+00:00' AIRFLOW_CTX_TRY_NUMBER='1' AIRFLOW_CTX_DAG_RUN_ID='scheduled__2025-04-01T08:00:00+00:00'
[2025-04-02T10:26:01.025+0000] {external_task.py:244} INFO - Poking for tasks ['load_data'] in dag dag_b on 2025-04-01T08:00:00+00:00 ... 
[2025-04-02T10:26:31.066+0000] {external_task.py:244} INFO - Poking for tasks ['load_data'] in dag dag_b on 2025-04-01T08:00:00+00:00 ... 
[2025-04-02T10:26:31.123+0000] {base.py:295} INFO - Success criteria met. Exiting.
[2025-04-02T10:26:31.136+0000] {taskinstance.py:1138} INFO - Marking task as SUCCESS. dag_id=dag_c, task_id=wait_for_dag_b, execution_date=20250401T080000, start_date=20250402T102600, end_date=20250402T102631
[2025-04-02T10:26:31.192+0000] {local_task_job_runner.py:234} INFO - Task exited with return code 0
[2025-04-02T10:26:31.219+0000] {taskinstance.py:3280} INFO - 1 downstream tasks scheduled from follow-on schedule check
