[2025-04-02T10:09:19.505+0000] {taskinstance.py:1956} INFO - Dependencies all met for dep_context=non-requeueable deps ti=<TaskInstance: dag_b.wait_for_dag_a manual__2025-04-02T10:09:17.170215+00:00 [queued]>
[2025-04-02T10:09:19.509+0000] {taskinstance.py:1956} INFO - Dependencies all met for dep_context=requeueable deps ti=<TaskInstance: dag_b.wait_for_dag_a manual__2025-04-02T10:09:17.170215+00:00 [queued]>
[2025-04-02T10:09:19.509+0000] {taskinstance.py:2170} INFO - Starting attempt 1 of 2
[2025-04-02T10:09:19.514+0000] {taskinstance.py:2191} INFO - Executing <Task(ExternalTaskSensor): wait_for_dag_a> on 2025-04-02 10:09:17.170215+00:00
[2025-04-02T10:09:19.525+0000] {standard_task_runner.py:60} INFO - Started process 2756 to run task
[2025-04-02T10:09:19.526+0000] {standard_task_runner.py:87} INFO - Running: ['***', 'tasks', 'run', 'dag_b', 'wait_for_dag_a', 'manual__2025-04-02T10:09:17.170215+00:00', '--job-id', '67', '--raw', '--subdir', 'DAGS_FOLDER/dynamic_dag.py', '--cfg-path', '/tmp/tmpevwu42tk']
[2025-04-02T10:09:19.527+0000] {standard_task_runner.py:88} INFO - Job 67: Subtask wait_for_dag_a
[2025-04-02T10:09:19.552+0000] {task_command.py:423} INFO - Running <TaskInstance: dag_b.wait_for_dag_a manual__2025-04-02T10:09:17.170215+00:00 [running]> on host f4b0101fc635
[2025-04-02T10:09:19.591+0000] {taskinstance.py:2480} INFO - Exporting env vars: AIRFLOW_CTX_DAG_OWNER='***' AIRFLOW_CTX_DAG_ID='dag_b' AIRFLOW_CTX_TASK_ID='wait_for_dag_a' AIRFLOW_CTX_EXECUTION_DATE='2025-04-02T10:09:17.170215+00:00' AIRFLOW_CTX_TRY_NUMBER='1' AIRFLOW_CTX_DAG_RUN_ID='manual__2025-04-02T10:09:17.170215+00:00'
[2025-04-02T10:09:19.592+0000] {external_task.py:244} INFO - Poking for tasks ['load_data'] in dag dag_a on 2025-04-02T10:09:17.170215+00:00 ... 
[2025-04-02T10:09:49.618+0000] {external_task.py:244} INFO - Poking for tasks ['load_data'] in dag dag_a on 2025-04-02T10:09:17.170215+00:00 ... 
[2025-04-02T10:10:19.701+0000] {external_task.py:244} INFO - Poking for tasks ['load_data'] in dag dag_a on 2025-04-02T10:09:17.170215+00:00 ... 
[2025-04-02T10:10:49.732+0000] {external_task.py:244} INFO - Poking for tasks ['load_data'] in dag dag_a on 2025-04-02T10:09:17.170215+00:00 ... 
[2025-04-02T10:11:19.794+0000] {external_task.py:244} INFO - Poking for tasks ['load_data'] in dag dag_a on 2025-04-02T10:09:17.170215+00:00 ... 
[2025-04-02T10:11:49.829+0000] {external_task.py:244} INFO - Poking for tasks ['load_data'] in dag dag_a on 2025-04-02T10:09:17.170215+00:00 ... 
[2025-04-02T10:12:19.882+0000] {external_task.py:244} INFO - Poking for tasks ['load_data'] in dag dag_a on 2025-04-02T10:09:17.170215+00:00 ... 
[2025-04-02T10:12:49.902+0000] {external_task.py:244} INFO - Poking for tasks ['load_data'] in dag dag_a on 2025-04-02T10:09:17.170215+00:00 ... 
[2025-04-02T10:13:19.929+0000] {external_task.py:244} INFO - Poking for tasks ['load_data'] in dag dag_a on 2025-04-02T10:09:17.170215+00:00 ... 
[2025-04-02T10:13:49.976+0000] {external_task.py:244} INFO - Poking for tasks ['load_data'] in dag dag_a on 2025-04-02T10:09:17.170215+00:00 ... 
[2025-04-02T10:14:20.025+0000] {external_task.py:244} INFO - Poking for tasks ['load_data'] in dag dag_a on 2025-04-02T10:09:17.170215+00:00 ... 
[2025-04-02T10:14:50.086+0000] {external_task.py:244} INFO - Poking for tasks ['load_data'] in dag dag_a on 2025-04-02T10:09:17.170215+00:00 ... 
[2025-04-02T10:15:20.105+0000] {external_task.py:244} INFO - Poking for tasks ['load_data'] in dag dag_a on 2025-04-02T10:09:17.170215+00:00 ... 
[2025-04-02T10:15:50.160+0000] {external_task.py:244} INFO - Poking for tasks ['load_data'] in dag dag_a on 2025-04-02T10:09:17.170215+00:00 ... 
[2025-04-02T10:16:20.188+0000] {external_task.py:244} INFO - Poking for tasks ['load_data'] in dag dag_a on 2025-04-02T10:09:17.170215+00:00 ... 
[2025-04-02T10:16:50.215+0000] {external_task.py:244} INFO - Poking for tasks ['load_data'] in dag dag_a on 2025-04-02T10:09:17.170215+00:00 ... 
[2025-04-02T10:17:20.275+0000] {external_task.py:244} INFO - Poking for tasks ['load_data'] in dag dag_a on 2025-04-02T10:09:17.170215+00:00 ... 
[2025-04-02T10:17:50.344+0000] {external_task.py:244} INFO - Poking for tasks ['load_data'] in dag dag_a on 2025-04-02T10:09:17.170215+00:00 ... 
[2025-04-02T10:18:20.413+0000] {external_task.py:244} INFO - Poking for tasks ['load_data'] in dag dag_a on 2025-04-02T10:09:17.170215+00:00 ... 
[2025-04-02T10:18:50.441+0000] {external_task.py:244} INFO - Poking for tasks ['load_data'] in dag dag_a on 2025-04-02T10:09:17.170215+00:00 ... 
[2025-04-02T10:19:20.478+0000] {external_task.py:244} INFO - Poking for tasks ['load_data'] in dag dag_a on 2025-04-02T10:09:17.170215+00:00 ... 
[2025-04-02T10:19:20.507+0000] {taskinstance.py:2698} ERROR - Task failed with exception
Traceback (most recent call last):
  File "/home/airflow/.local/lib/python3.8/site-packages/airflow/models/taskinstance.py", line 433, in _execute_task
    result = execute_callable(context=context, **execute_callable_kwargs)
  File "/home/airflow/.local/lib/python3.8/site-packages/airflow/sensors/external_task.py", line 334, in execute
    super().execute(context)
  File "/home/airflow/.local/lib/python3.8/site-packages/airflow/sensors/base.py", line 282, in execute
    raise AirflowSensorTimeout(message)
airflow.exceptions.AirflowSensorTimeout: Sensor has timed out; run duration of 600.9495434409982 seconds exceeds the specified timeout of 600.0.
[2025-04-02T10:19:20.516+0000] {taskinstance.py:1138} INFO - Immediate failure requested. Marking task as FAILED. dag_id=dag_b, task_id=wait_for_dag_a, execution_date=20250402T100917, start_date=20250402T100919, end_date=20250402T101920
[2025-04-02T10:19:20.529+0000] {standard_task_runner.py:107} ERROR - Failed to execute job 67 for task wait_for_dag_a (Sensor has timed out; run duration of 600.9495434409982 seconds exceeds the specified timeout of 600.0.; 2756)
[2025-04-02T10:19:20.575+0000] {local_task_job_runner.py:234} INFO - Task exited with return code 1
[2025-04-02T10:19:20.617+0000] {taskinstance.py:3280} INFO - 0 downstream tasks scheduled from follow-on schedule check
