[2025-04-02T10:09:30.001+0000] {taskinstance.py:1956} INFO - Dependencies all met for dep_context=non-requeueable deps ti=<TaskInstance: dag_c.wait_for_dag_b manual__2025-04-02T10:09:26.667782+00:00 [queued]>
[2025-04-02T10:09:30.007+0000] {taskinstance.py:1956} INFO - Dependencies all met for dep_context=requeueable deps ti=<TaskInstance: dag_c.wait_for_dag_b manual__2025-04-02T10:09:26.667782+00:00 [queued]>
[2025-04-02T10:09:30.008+0000] {taskinstance.py:2170} INFO - Starting attempt 1 of 2
[2025-04-02T10:09:30.016+0000] {taskinstance.py:2191} INFO - Executing <Task(ExternalTaskSensor): wait_for_dag_b> on 2025-04-02 10:09:26.667782+00:00
[2025-04-02T10:09:30.025+0000] {standard_task_runner.py:60} INFO - Started process 2762 to run task
[2025-04-02T10:09:30.040+0000] {standard_task_runner.py:87} INFO - Running: ['***', 'tasks', 'run', 'dag_c', 'wait_for_dag_b', 'manual__2025-04-02T10:09:26.667782+00:00', '--job-id', '69', '--raw', '--subdir', 'DAGS_FOLDER/dynamic_dag.py', '--cfg-path', '/tmp/tmpkgkm9m2p']
[2025-04-02T10:09:30.042+0000] {standard_task_runner.py:88} INFO - Job 69: Subtask wait_for_dag_b
[2025-04-02T10:09:30.112+0000] {task_command.py:423} INFO - Running <TaskInstance: dag_c.wait_for_dag_b manual__2025-04-02T10:09:26.667782+00:00 [running]> on host f4b0101fc635
[2025-04-02T10:09:30.183+0000] {taskinstance.py:2480} INFO - Exporting env vars: AIRFLOW_CTX_DAG_OWNER='***' AIRFLOW_CTX_DAG_ID='dag_c' AIRFLOW_CTX_TASK_ID='wait_for_dag_b' AIRFLOW_CTX_EXECUTION_DATE='2025-04-02T10:09:26.667782+00:00' AIRFLOW_CTX_TRY_NUMBER='1' AIRFLOW_CTX_DAG_RUN_ID='manual__2025-04-02T10:09:26.667782+00:00'
[2025-04-02T10:09:30.185+0000] {external_task.py:244} INFO - Poking for tasks ['load_data'] in dag dag_b on 2025-04-02T10:09:26.667782+00:00 ... 
[2025-04-02T10:10:00.204+0000] {external_task.py:244} INFO - Poking for tasks ['load_data'] in dag dag_b on 2025-04-02T10:09:26.667782+00:00 ... 
[2025-04-02T10:10:30.300+0000] {external_task.py:244} INFO - Poking for tasks ['load_data'] in dag dag_b on 2025-04-02T10:09:26.667782+00:00 ... 
[2025-04-02T10:11:00.377+0000] {external_task.py:244} INFO - Poking for tasks ['load_data'] in dag dag_b on 2025-04-02T10:09:26.667782+00:00 ... 
[2025-04-02T10:11:30.453+0000] {external_task.py:244} INFO - Poking for tasks ['load_data'] in dag dag_b on 2025-04-02T10:09:26.667782+00:00 ... 
[2025-04-02T10:12:00.510+0000] {external_task.py:244} INFO - Poking for tasks ['load_data'] in dag dag_b on 2025-04-02T10:09:26.667782+00:00 ... 
[2025-04-02T10:12:30.552+0000] {external_task.py:244} INFO - Poking for tasks ['load_data'] in dag dag_b on 2025-04-02T10:09:26.667782+00:00 ... 
[2025-04-02T10:13:00.646+0000] {external_task.py:244} INFO - Poking for tasks ['load_data'] in dag dag_b on 2025-04-02T10:09:26.667782+00:00 ... 
[2025-04-02T10:13:30.732+0000] {external_task.py:244} INFO - Poking for tasks ['load_data'] in dag dag_b on 2025-04-02T10:09:26.667782+00:00 ... 
[2025-04-02T10:14:00.777+0000] {external_task.py:244} INFO - Poking for tasks ['load_data'] in dag dag_b on 2025-04-02T10:09:26.667782+00:00 ... 
[2025-04-02T10:14:30.844+0000] {external_task.py:244} INFO - Poking for tasks ['load_data'] in dag dag_b on 2025-04-02T10:09:26.667782+00:00 ... 
[2025-04-02T10:15:00.892+0000] {external_task.py:244} INFO - Poking for tasks ['load_data'] in dag dag_b on 2025-04-02T10:09:26.667782+00:00 ... 
[2025-04-02T10:15:30.937+0000] {external_task.py:244} INFO - Poking for tasks ['load_data'] in dag dag_b on 2025-04-02T10:09:26.667782+00:00 ... 
[2025-04-02T10:16:01.011+0000] {external_task.py:244} INFO - Poking for tasks ['load_data'] in dag dag_b on 2025-04-02T10:09:26.667782+00:00 ... 
[2025-04-02T10:16:31.092+0000] {external_task.py:244} INFO - Poking for tasks ['load_data'] in dag dag_b on 2025-04-02T10:09:26.667782+00:00 ... 
[2025-04-02T10:17:01.184+0000] {external_task.py:244} INFO - Poking for tasks ['load_data'] in dag dag_b on 2025-04-02T10:09:26.667782+00:00 ... 
[2025-04-02T10:17:31.250+0000] {external_task.py:244} INFO - Poking for tasks ['load_data'] in dag dag_b on 2025-04-02T10:09:26.667782+00:00 ... 
[2025-04-02T10:18:01.311+0000] {external_task.py:244} INFO - Poking for tasks ['load_data'] in dag dag_b on 2025-04-02T10:09:26.667782+00:00 ... 
[2025-04-02T10:18:31.368+0000] {external_task.py:244} INFO - Poking for tasks ['load_data'] in dag dag_b on 2025-04-02T10:09:26.667782+00:00 ... 
[2025-04-02T10:19:01.446+0000] {external_task.py:244} INFO - Poking for tasks ['load_data'] in dag dag_b on 2025-04-02T10:09:26.667782+00:00 ... 
[2025-04-02T10:19:31.511+0000] {external_task.py:244} INFO - Poking for tasks ['load_data'] in dag dag_b on 2025-04-02T10:09:26.667782+00:00 ... 
[2025-04-02T10:19:31.537+0000] {taskinstance.py:2698} ERROR - Task failed with exception
Traceback (most recent call last):
  File "/home/airflow/.local/lib/python3.8/site-packages/airflow/models/taskinstance.py", line 433, in _execute_task
    result = execute_callable(context=context, **execute_callable_kwargs)
  File "/home/airflow/.local/lib/python3.8/site-packages/airflow/sensors/external_task.py", line 334, in execute
    super().execute(context)
  File "/home/airflow/.local/lib/python3.8/site-packages/airflow/sensors/base.py", line 282, in execute
    raise AirflowSensorTimeout(message)
airflow.exceptions.AirflowSensorTimeout: Sensor has timed out; run duration of 601.3865012739916 seconds exceeds the specified timeout of 600.0.
[2025-04-02T10:19:31.545+0000] {taskinstance.py:1138} INFO - Immediate failure requested. Marking task as FAILED. dag_id=dag_c, task_id=wait_for_dag_b, execution_date=20250402T100926, start_date=20250402T100930, end_date=20250402T101931
[2025-04-02T10:19:31.557+0000] {standard_task_runner.py:107} ERROR - Failed to execute job 69 for task wait_for_dag_b (Sensor has timed out; run duration of 601.3865012739916 seconds exceeds the specified timeout of 600.0.; 2762)
[2025-04-02T10:19:31.599+0000] {local_task_job_runner.py:234} INFO - Task exited with return code 1
[2025-04-02T10:19:31.620+0000] {taskinstance.py:3280} INFO - 0 downstream tasks scheduled from follow-on schedule check
