[2025-04-01T19:31:16.482+0000] {taskinstance.py:1956} INFO - Dependencies all met for dep_context=non-requeueable deps ti=<TaskInstance: dag_b.wait_for_dag_a scheduled__2025-03-31T08:00:00+00:00 [queued]>
[2025-04-01T19:31:16.486+0000] {taskinstance.py:1956} INFO - Dependencies all met for dep_context=requeueable deps ti=<TaskInstance: dag_b.wait_for_dag_a scheduled__2025-03-31T08:00:00+00:00 [queued]>
[2025-04-01T19:31:16.487+0000] {taskinstance.py:2170} INFO - Starting attempt 1 of 2
[2025-04-01T19:31:16.492+0000] {taskinstance.py:2191} INFO - Executing <Task(ExternalTaskSensor): wait_for_dag_a> on 2025-03-31 08:00:00+00:00
[2025-04-01T19:31:16.497+0000] {standard_task_runner.py:60} INFO - Started process 559 to run task
[2025-04-01T19:31:16.501+0000] {standard_task_runner.py:87} INFO - Running: ['***', 'tasks', 'run', 'dag_b', 'wait_for_dag_a', 'scheduled__2025-03-31T08:00:00+00:00', '--job-id', '31', '--raw', '--subdir', 'DAGS_FOLDER/dynamic_dag.py', '--cfg-path', '/tmp/tmpw09yfgi1']
[2025-04-01T19:31:16.501+0000] {standard_task_runner.py:88} INFO - Job 31: Subtask wait_for_dag_a
[2025-04-01T19:31:16.529+0000] {task_command.py:423} INFO - Running <TaskInstance: dag_b.wait_for_dag_a scheduled__2025-03-31T08:00:00+00:00 [running]> on host b0ef469a0134
[2025-04-01T19:31:16.567+0000] {taskinstance.py:2480} INFO - Exporting env vars: AIRFLOW_CTX_DAG_OWNER='***' AIRFLOW_CTX_DAG_ID='dag_b' AIRFLOW_CTX_TASK_ID='wait_for_dag_a' AIRFLOW_CTX_EXECUTION_DATE='2025-03-31T08:00:00+00:00' AIRFLOW_CTX_TRY_NUMBER='1' AIRFLOW_CTX_DAG_RUN_ID='scheduled__2025-03-31T08:00:00+00:00'
[2025-04-01T19:31:16.568+0000] {external_task.py:244} INFO - Poking for tasks ['load_data'] in dag dag_a on 2025-03-31T08:00:00+00:00 ... 
[2025-04-01T19:31:46.608+0000] {external_task.py:244} INFO - Poking for tasks ['load_data'] in dag dag_a on 2025-03-31T08:00:00+00:00 ... 
[2025-04-01T19:32:16.678+0000] {external_task.py:244} INFO - Poking for tasks ['load_data'] in dag dag_a on 2025-03-31T08:00:00+00:00 ... 
[2025-04-01T19:32:46.762+0000] {external_task.py:244} INFO - Poking for tasks ['load_data'] in dag dag_a on 2025-03-31T08:00:00+00:00 ... 
[2025-04-01T19:33:16.806+0000] {external_task.py:244} INFO - Poking for tasks ['load_data'] in dag dag_a on 2025-03-31T08:00:00+00:00 ... 
[2025-04-01T19:33:46.859+0000] {external_task.py:244} INFO - Poking for tasks ['load_data'] in dag dag_a on 2025-03-31T08:00:00+00:00 ... 
[2025-04-01T19:34:16.911+0000] {external_task.py:244} INFO - Poking for tasks ['load_data'] in dag dag_a on 2025-03-31T08:00:00+00:00 ... 
[2025-04-01T19:34:46.978+0000] {external_task.py:244} INFO - Poking for tasks ['load_data'] in dag dag_a on 2025-03-31T08:00:00+00:00 ... 
[2025-04-01T19:35:17.029+0000] {external_task.py:244} INFO - Poking for tasks ['load_data'] in dag dag_a on 2025-03-31T08:00:00+00:00 ... 
[2025-04-01T19:35:47.081+0000] {external_task.py:244} INFO - Poking for tasks ['load_data'] in dag dag_a on 2025-03-31T08:00:00+00:00 ... 
[2025-04-01T19:36:17.162+0000] {external_task.py:244} INFO - Poking for tasks ['load_data'] in dag dag_a on 2025-03-31T08:00:00+00:00 ... 
[2025-04-01T19:36:47.229+0000] {external_task.py:244} INFO - Poking for tasks ['load_data'] in dag dag_a on 2025-03-31T08:00:00+00:00 ... 
[2025-04-01T19:37:17.281+0000] {external_task.py:244} INFO - Poking for tasks ['load_data'] in dag dag_a on 2025-03-31T08:00:00+00:00 ... 
[2025-04-01T19:37:47.328+0000] {external_task.py:244} INFO - Poking for tasks ['load_data'] in dag dag_a on 2025-03-31T08:00:00+00:00 ... 
[2025-04-01T19:38:17.386+0000] {external_task.py:244} INFO - Poking for tasks ['load_data'] in dag dag_a on 2025-03-31T08:00:00+00:00 ... 
[2025-04-01T19:38:47.491+0000] {external_task.py:244} INFO - Poking for tasks ['load_data'] in dag dag_a on 2025-03-31T08:00:00+00:00 ... 
[2025-04-01T19:39:17.548+0000] {external_task.py:244} INFO - Poking for tasks ['load_data'] in dag dag_a on 2025-03-31T08:00:00+00:00 ... 
[2025-04-01T19:55:04.878+0000] {external_task.py:244} INFO - Poking for tasks ['load_data'] in dag dag_a on 2025-03-31T08:00:00+00:00 ... 
[2025-04-01T20:45:23.304+0000] {external_task.py:244} INFO - Poking for tasks ['load_data'] in dag dag_a on 2025-03-31T08:00:00+00:00 ... 
[2025-04-01T20:45:53.355+0000] {external_task.py:244} INFO - Poking for tasks ['load_data'] in dag dag_a on 2025-03-31T08:00:00+00:00 ... 
[2025-04-01T20:46:23.404+0000] {external_task.py:244} INFO - Poking for tasks ['load_data'] in dag dag_a on 2025-03-31T08:00:00+00:00 ... 
[2025-04-01T20:46:53.455+0000] {external_task.py:244} INFO - Poking for tasks ['load_data'] in dag dag_a on 2025-03-31T08:00:00+00:00 ... 
[2025-04-01T20:47:23.510+0000] {external_task.py:244} INFO - Poking for tasks ['load_data'] in dag dag_a on 2025-03-31T08:00:00+00:00 ... 
[2025-04-01T20:47:53.579+0000] {external_task.py:244} INFO - Poking for tasks ['load_data'] in dag dag_a on 2025-03-31T08:00:00+00:00 ... 
[2025-04-01T21:03:56.992+0000] {external_task.py:244} INFO - Poking for tasks ['load_data'] in dag dag_a on 2025-03-31T08:00:00+00:00 ... 
[2025-04-01T21:04:27.040+0000] {external_task.py:244} INFO - Poking for tasks ['load_data'] in dag dag_a on 2025-03-31T08:00:00+00:00 ... 
[2025-04-01T21:04:57.082+0000] {external_task.py:244} INFO - Poking for tasks ['load_data'] in dag dag_a on 2025-03-31T08:00:00+00:00 ... 
[2025-04-01T21:05:27.150+0000] {external_task.py:244} INFO - Poking for tasks ['load_data'] in dag dag_a on 2025-03-31T08:00:00+00:00 ... 
[2025-04-01T21:05:57.196+0000] {external_task.py:244} INFO - Poking for tasks ['load_data'] in dag dag_a on 2025-03-31T08:00:00+00:00 ... 
[2025-04-01T21:06:27.264+0000] {external_task.py:244} INFO - Poking for tasks ['load_data'] in dag dag_a on 2025-03-31T08:00:00+00:00 ... 
[2025-04-01T21:39:54.370+0000] {external_task.py:244} INFO - Poking for tasks ['load_data'] in dag dag_a on 2025-03-31T08:00:00+00:00 ... 
[2025-04-01T22:58:36.893+0000] {external_task.py:244} INFO - Poking for tasks ['load_data'] in dag dag_a on 2025-03-31T08:00:00+00:00 ... 
[2025-04-02T00:11:13.309+0000] {local_task_job_runner.py:302} WARNING - State of this instance has been externally set to up_for_retry. Terminating instance.
[2025-04-02T00:11:13.319+0000] {process_utils.py:131} INFO - Sending 15 to group 559. PIDs of all processes in the group: [559]
[2025-04-02T00:11:13.321+0000] {process_utils.py:86} INFO - Sending the signal 15 to group 559
[2025-04-02T00:11:13.325+0000] {taskinstance.py:2450} ERROR - Received SIGTERM. Terminating subprocesses.
[2025-04-02T00:11:13.345+0000] {taskinstance.py:2698} ERROR - Task failed with exception
Traceback (most recent call last):
  File "/home/airflow/.local/lib/python3.8/site-packages/airflow/models/taskinstance.py", line 433, in _execute_task
    result = execute_callable(context=context, **execute_callable_kwargs)
  File "/home/airflow/.local/lib/python3.8/site-packages/airflow/sensors/external_task.py", line 334, in execute
    super().execute(context)
  File "/home/airflow/.local/lib/python3.8/site-packages/airflow/sensors/base.py", line 293, in execute
    time.sleep(self._get_next_poke_interval(started_at, run_duration, try_number))
  File "/home/airflow/.local/lib/python3.8/site-packages/airflow/models/taskinstance.py", line 2452, in signal_handler
    raise AirflowException("Task received SIGTERM signal")
airflow.exceptions.AirflowException: Task received SIGTERM signal
[2025-04-02T00:11:13.349+0000] {taskinstance.py:1138} INFO - Marking task as FAILED. dag_id=dag_b, task_id=wait_for_dag_a, execution_date=20250331T080000, start_date=20250401T193116, end_date=20250402T001113
[2025-04-02T00:11:13.361+0000] {standard_task_runner.py:107} ERROR - Failed to execute job 31 for task wait_for_dag_a (Task received SIGTERM signal; 559)
[2025-04-02T00:11:13.386+0000] {process_utils.py:79} INFO - Process psutil.Process(pid=559, status='terminated', exitcode=1, started='19:31:15') (559) terminated with exit code 1
