[2025-04-02T08:00:01.350+0000] {taskinstance.py:1956} INFO - Dependencies all met for dep_context=non-requeueable deps ti=<TaskInstance: dag_b.unzip_dataset scheduled__2025-04-01T08:00:00+00:00 [queued]>
[2025-04-02T08:00:01.354+0000] {taskinstance.py:1956} INFO - Dependencies all met for dep_context=requeueable deps ti=<TaskInstance: dag_b.unzip_dataset scheduled__2025-04-01T08:00:00+00:00 [queued]>
[2025-04-02T08:00:01.354+0000] {taskinstance.py:2170} INFO - Starting attempt 1 of 2
[2025-04-02T08:00:01.360+0000] {taskinstance.py:2191} INFO - Executing <Task(PythonOperator): unzip_dataset> on 2025-04-01 08:00:00+00:00
[2025-04-02T08:00:01.366+0000] {standard_task_runner.py:60} INFO - Started process 927 to run task
[2025-04-02T08:00:01.377+0000] {standard_task_runner.py:87} INFO - Running: ['***', 'tasks', 'run', 'dag_b', 'unzip_dataset', 'scheduled__2025-04-01T08:00:00+00:00', '--job-id', '40', '--raw', '--subdir', 'DAGS_FOLDER/dynamic_dag.py', '--cfg-path', '/tmp/tmp49uiyeze']
[2025-04-02T08:00:01.382+0000] {standard_task_runner.py:88} INFO - Job 40: Subtask unzip_dataset
[2025-04-02T08:00:01.480+0000] {task_command.py:423} INFO - Running <TaskInstance: dag_b.unzip_dataset scheduled__2025-04-01T08:00:00+00:00 [running]> on host f4b0101fc635
[2025-04-02T08:00:01.533+0000] {taskinstance.py:2480} INFO - Exporting env vars: AIRFLOW_CTX_DAG_OWNER='***' AIRFLOW_CTX_DAG_ID='dag_b' AIRFLOW_CTX_TASK_ID='unzip_dataset' AIRFLOW_CTX_EXECUTION_DATE='2025-04-01T08:00:00+00:00' AIRFLOW_CTX_TRY_NUMBER='1' AIRFLOW_CTX_DAG_RUN_ID='scheduled__2025-04-01T08:00:00+00:00'
[2025-04-02T08:00:01.544+0000] {python.py:201} INFO - Done. Returned value was: None
[2025-04-02T08:00:01.553+0000] {taskinstance.py:1138} INFO - Marking task as SUCCESS. dag_id=dag_b, task_id=unzip_dataset, execution_date=20250401T080000, start_date=20250402T080001, end_date=20250402T080001
[2025-04-02T08:00:01.589+0000] {local_task_job_runner.py:234} INFO - Task exited with return code 0
[2025-04-02T08:00:01.604+0000] {taskinstance.py:3280} INFO - 1 downstream tasks scheduled from follow-on schedule check
[2025-04-02T10:25:58.785+0000] {taskinstance.py:1956} INFO - Dependencies all met for dep_context=non-requeueable deps ti=<TaskInstance: dag_b.unzip_dataset scheduled__2025-04-01T08:00:00+00:00 [queued]>
[2025-04-02T10:25:58.788+0000] {taskinstance.py:1956} INFO - Dependencies all met for dep_context=requeueable deps ti=<TaskInstance: dag_b.unzip_dataset scheduled__2025-04-01T08:00:00+00:00 [queued]>
[2025-04-02T10:25:58.789+0000] {taskinstance.py:2170} INFO - Starting attempt 1 of 2
[2025-04-02T10:25:58.794+0000] {taskinstance.py:2191} INFO - Executing <Task(PythonOperator): unzip_dataset> on 2025-04-01 08:00:00+00:00
[2025-04-02T10:25:58.800+0000] {standard_task_runner.py:60} INFO - Started process 138 to run task
[2025-04-02T10:25:58.802+0000] {standard_task_runner.py:87} INFO - Running: ['***', 'tasks', 'run', 'dag_b', 'unzip_dataset', 'scheduled__2025-04-01T08:00:00+00:00', '--job-id', '73', '--raw', '--subdir', 'DAGS_FOLDER/dynamic_dag.py', '--cfg-path', '/tmp/tmpjhgkf5lb']
[2025-04-02T10:25:58.804+0000] {standard_task_runner.py:88} INFO - Job 73: Subtask unzip_dataset
[2025-04-02T10:25:58.839+0000] {task_command.py:423} INFO - Running <TaskInstance: dag_b.unzip_dataset scheduled__2025-04-01T08:00:00+00:00 [running]> on host 247d35c01501
[2025-04-02T10:25:58.879+0000] {taskinstance.py:2480} INFO - Exporting env vars: AIRFLOW_CTX_DAG_OWNER='***' AIRFLOW_CTX_DAG_ID='dag_b' AIRFLOW_CTX_TASK_ID='unzip_dataset' AIRFLOW_CTX_EXECUTION_DATE='2025-04-01T08:00:00+00:00' AIRFLOW_CTX_TRY_NUMBER='1' AIRFLOW_CTX_DAG_RUN_ID='scheduled__2025-04-01T08:00:00+00:00'
[2025-04-02T10:25:58.884+0000] {python.py:201} INFO - Done. Returned value was: None
[2025-04-02T10:25:58.888+0000] {taskinstance.py:1138} INFO - Marking task as SUCCESS. dag_id=dag_b, task_id=unzip_dataset, execution_date=20250401T080000, start_date=20250402T102558, end_date=20250402T102558
[2025-04-02T10:25:58.937+0000] {local_task_job_runner.py:234} INFO - Task exited with return code 0
[2025-04-02T10:25:58.950+0000] {taskinstance.py:3280} INFO - 1 downstream tasks scheduled from follow-on schedule check
