[2025-04-01T19:31:17.473+0000] {taskinstance.py:1956} INFO - Dependencies all met for dep_context=non-requeueable deps ti=<TaskInstance: dag_c.wait_for_dag_b scheduled__2025-03-31T08:00:00+00:00 [queued]>
[2025-04-01T19:31:17.477+0000] {taskinstance.py:1956} INFO - Dependencies all met for dep_context=requeueable deps ti=<TaskInstance: dag_c.wait_for_dag_b scheduled__2025-03-31T08:00:00+00:00 [queued]>
[2025-04-01T19:31:17.477+0000] {taskinstance.py:2170} INFO - Starting attempt 1 of 2
[2025-04-01T19:31:17.482+0000] {taskinstance.py:2191} INFO - Executing <Task(ExternalTaskSensor): wait_for_dag_b> on 2025-03-31 08:00:00+00:00
[2025-04-01T19:31:17.486+0000] {standard_task_runner.py:60} INFO - Started process 563 to run task
[2025-04-01T19:31:17.488+0000] {standard_task_runner.py:87} INFO - Running: ['***', 'tasks', 'run', 'dag_c', 'wait_for_dag_b', 'scheduled__2025-03-31T08:00:00+00:00', '--job-id', '33', '--raw', '--subdir', 'DAGS_FOLDER/dynamic_dag.py', '--cfg-path', '/tmp/tmpfk4h8_xw']
[2025-04-01T19:31:17.488+0000] {standard_task_runner.py:88} INFO - Job 33: Subtask wait_for_dag_b
[2025-04-01T19:31:17.510+0000] {task_command.py:423} INFO - Running <TaskInstance: dag_c.wait_for_dag_b scheduled__2025-03-31T08:00:00+00:00 [running]> on host b0ef469a0134
[2025-04-01T19:31:17.539+0000] {taskinstance.py:2480} INFO - Exporting env vars: AIRFLOW_CTX_DAG_OWNER='***' AIRFLOW_CTX_DAG_ID='dag_c' AIRFLOW_CTX_TASK_ID='wait_for_dag_b' AIRFLOW_CTX_EXECUTION_DATE='2025-03-31T08:00:00+00:00' AIRFLOW_CTX_TRY_NUMBER='1' AIRFLOW_CTX_DAG_RUN_ID='scheduled__2025-03-31T08:00:00+00:00'
[2025-04-01T19:31:17.540+0000] {external_task.py:244} INFO - Poking for tasks ['load_data'] in dag dag_b on 2025-03-31T08:00:00+00:00 ... 
[2025-04-01T19:31:47.584+0000] {external_task.py:244} INFO - Poking for tasks ['load_data'] in dag dag_b on 2025-03-31T08:00:00+00:00 ... 
[2025-04-01T19:32:17.660+0000] {external_task.py:244} INFO - Poking for tasks ['load_data'] in dag dag_b on 2025-03-31T08:00:00+00:00 ... 
[2025-04-01T19:32:47.733+0000] {external_task.py:244} INFO - Poking for tasks ['load_data'] in dag dag_b on 2025-03-31T08:00:00+00:00 ... 
[2025-04-01T19:33:17.763+0000] {external_task.py:244} INFO - Poking for tasks ['load_data'] in dag dag_b on 2025-03-31T08:00:00+00:00 ... 
[2025-04-01T19:33:47.810+0000] {external_task.py:244} INFO - Poking for tasks ['load_data'] in dag dag_b on 2025-03-31T08:00:00+00:00 ... 
[2025-04-01T19:34:17.854+0000] {external_task.py:244} INFO - Poking for tasks ['load_data'] in dag dag_b on 2025-03-31T08:00:00+00:00 ... 
[2025-04-01T19:34:47.903+0000] {external_task.py:244} INFO - Poking for tasks ['load_data'] in dag dag_b on 2025-03-31T08:00:00+00:00 ... 
[2025-04-01T19:35:17.971+0000] {external_task.py:244} INFO - Poking for tasks ['load_data'] in dag dag_b on 2025-03-31T08:00:00+00:00 ... 
[2025-04-01T19:35:48.038+0000] {external_task.py:244} INFO - Poking for tasks ['load_data'] in dag dag_b on 2025-03-31T08:00:00+00:00 ... 
[2025-04-01T19:36:18.094+0000] {external_task.py:244} INFO - Poking for tasks ['load_data'] in dag dag_b on 2025-03-31T08:00:00+00:00 ... 
[2025-04-01T19:36:48.171+0000] {external_task.py:244} INFO - Poking for tasks ['load_data'] in dag dag_b on 2025-03-31T08:00:00+00:00 ... 
[2025-04-01T19:37:18.251+0000] {external_task.py:244} INFO - Poking for tasks ['load_data'] in dag dag_b on 2025-03-31T08:00:00+00:00 ... 
[2025-04-01T19:37:48.310+0000] {external_task.py:244} INFO - Poking for tasks ['load_data'] in dag dag_b on 2025-03-31T08:00:00+00:00 ... 
[2025-04-01T19:38:18.357+0000] {external_task.py:244} INFO - Poking for tasks ['load_data'] in dag dag_b on 2025-03-31T08:00:00+00:00 ... 
[2025-04-01T19:38:48.405+0000] {external_task.py:244} INFO - Poking for tasks ['load_data'] in dag dag_b on 2025-03-31T08:00:00+00:00 ... 
[2025-04-01T19:39:18.442+0000] {external_task.py:244} INFO - Poking for tasks ['load_data'] in dag dag_b on 2025-03-31T08:00:00+00:00 ... 
[2025-04-01T19:55:05.725+0000] {external_task.py:244} INFO - Poking for tasks ['load_data'] in dag dag_b on 2025-03-31T08:00:00+00:00 ... 
[2025-04-01T20:45:24.102+0000] {external_task.py:244} INFO - Poking for tasks ['load_data'] in dag dag_b on 2025-03-31T08:00:00+00:00 ... 
[2025-04-01T20:45:54.129+0000] {external_task.py:244} INFO - Poking for tasks ['load_data'] in dag dag_b on 2025-03-31T08:00:00+00:00 ... 
[2025-04-01T20:46:24.193+0000] {external_task.py:244} INFO - Poking for tasks ['load_data'] in dag dag_b on 2025-03-31T08:00:00+00:00 ... 
[2025-04-01T20:46:54.267+0000] {external_task.py:244} INFO - Poking for tasks ['load_data'] in dag dag_b on 2025-03-31T08:00:00+00:00 ... 
[2025-04-01T20:47:24.337+0000] {external_task.py:244} INFO - Poking for tasks ['load_data'] in dag dag_b on 2025-03-31T08:00:00+00:00 ... 
[2025-04-01T20:47:54.394+0000] {external_task.py:244} INFO - Poking for tasks ['load_data'] in dag dag_b on 2025-03-31T08:00:00+00:00 ... 
[2025-04-01T21:03:57.830+0000] {external_task.py:244} INFO - Poking for tasks ['load_data'] in dag dag_b on 2025-03-31T08:00:00+00:00 ... 
[2025-04-01T21:04:27.888+0000] {external_task.py:244} INFO - Poking for tasks ['load_data'] in dag dag_b on 2025-03-31T08:00:00+00:00 ... 
[2025-04-01T21:04:57.920+0000] {external_task.py:244} INFO - Poking for tasks ['load_data'] in dag dag_b on 2025-03-31T08:00:00+00:00 ... 
[2025-04-01T21:05:27.987+0000] {external_task.py:244} INFO - Poking for tasks ['load_data'] in dag dag_b on 2025-03-31T08:00:00+00:00 ... 
[2025-04-01T21:05:58.035+0000] {external_task.py:244} INFO - Poking for tasks ['load_data'] in dag dag_b on 2025-03-31T08:00:00+00:00 ... 
[2025-04-01T21:06:28.086+0000] {external_task.py:244} INFO - Poking for tasks ['load_data'] in dag dag_b on 2025-03-31T08:00:00+00:00 ... 
[2025-04-01T21:39:55.172+0000] {external_task.py:244} INFO - Poking for tasks ['load_data'] in dag dag_b on 2025-03-31T08:00:00+00:00 ... 
[2025-04-01T22:58:37.705+0000] {external_task.py:244} INFO - Poking for tasks ['load_data'] in dag dag_b on 2025-03-31T08:00:00+00:00 ... 
[2025-04-02T00:11:16.442+0000] {external_task.py:244} INFO - Poking for tasks ['load_data'] in dag dag_b on 2025-03-31T08:00:00+00:00 ... 
[2025-04-02T00:57:57.936+0000] {local_task_job_runner.py:302} WARNING - State of this instance has been externally set to failed. Terminating instance.
[2025-04-02T00:57:57.941+0000] {process_utils.py:131} INFO - Sending 15 to group 563. PIDs of all processes in the group: [563]
[2025-04-02T00:57:57.941+0000] {process_utils.py:86} INFO - Sending the signal 15 to group 563
[2025-04-02T00:57:57.943+0000] {taskinstance.py:2450} ERROR - Received SIGTERM. Terminating subprocesses.
[2025-04-02T00:57:57.998+0000] {process_utils.py:79} INFO - Process psutil.Process(pid=563, status='terminated', exitcode=0, started='19:31:16') (563) terminated with exit code 0
